14:29:39.011 INFO [GridLauncherV3.parse] - Selenium server version: 3.141.59, revision: e82be7d358
14:29:39.146 INFO [GridLauncherV3.lambda$buildLaunchers$3] - Launching a standalone Selenium Server on port 4444
2020-11-28 14:29:39.245:INFO::main: Logging initialized @673ms to org.seleniumhq.jetty9.util.log.StdErrLog
14:29:39.644 INFO [WebDriverServlet.<init>] - Initialising WebDriverServlet
14:29:40.345 INFO [SeleniumServer.boot] - Selenium Server is up and running on port 4444
14:29:42.944 INFO [ActiveSessionFactory.apply] - Capabilities are: {
  "acceptSslCerts": true,
  "browserName": "MicrosoftEdge",
  "edgeOptions": {
    "w3c": false,
    "args": [
      "--no-sandbox",
      "--headless"
    ]
  },
  "javascriptEnabled": true,
  "marionette": true,
  "name": "Login To Admin"
}
14:29:42.944 INFO [ActiveSessionFactory.apply] - Capabilities are: {
  "acceptSslCerts": true,
  "browserName": "MicrosoftEdge",
  "edgeOptions": {
    "w3c": false,
    "args": [
      "--no-sandbox",
      "--headless"
    ]
  },
  "javascriptEnabled": true,
  "marionette": true,
  "name": "Create New Student"
}
14:29:42.944 INFO [ActiveSessionFactory.apply] - Capabilities are: {
  "acceptSslCerts": true,
  "browserName": "MicrosoftEdge",
  "edgeOptions": {
    "w3c": false,
    "args": [
      "--no-sandbox",
      "--headless"
    ]
  },
  "javascriptEnabled": true,
  "marionette": true,
  "name": "Test Student Login"
}
14:29:42.944 INFO [ActiveSessionFactory.apply] - Capabilities are: {
  "acceptSslCerts": true,
  "browserName": "MicrosoftEdge",
  "edgeOptions": {
    "w3c": false,
    "args": [
      "--no-sandbox",
      "--headless"
    ]
  },
  "javascriptEnabled": true,
  "marionette": true,
  "name": "Update Student"
}
14:29:42.945 INFO [ActiveSessionFactory.apply] - Capabilities are: {
  "acceptSslCerts": true,
  "browserName": "MicrosoftEdge",
  "edgeOptions": {
    "w3c": false,
    "args": [
      "--no-sandbox",
      "--headless"
    ]
  },
  "javascriptEnabled": true,
  "marionette": true,
  "name": "Test Student Login Validation"
}
14:29:42.946 INFO [ActiveSessionFactory.lambda$apply$11] - Matched factory org.openqa.selenium.grid.session.remote.ServicedSession$Factory (provider: org.openqa.selenium.edge.EdgeDriverService)
14:29:42.946 INFO [ActiveSessionFactory.lambda$apply$11] - Matched factory org.openqa.selenium.grid.session.remote.ServicedSession$Factory (provider: org.openqa.selenium.edge.EdgeDriverService)
14:29:42.946 INFO [ActiveSessionFactory.lambda$apply$11] - Matched factory org.openqa.selenium.grid.session.remote.ServicedSession$Factory (provider: org.openqa.selenium.edge.EdgeDriverService)
14:29:42.946 INFO [ActiveSessionFactory.lambda$apply$11] - Matched factory org.openqa.selenium.grid.session.remote.ServicedSession$Factory (provider: org.openqa.selenium.edge.EdgeDriverService)
14:29:42.947 INFO [ActiveSessionFactory.lambda$apply$11] - Matched factory org.openqa.selenium.grid.session.remote.ServicedSession$Factory (provider: org.openqa.selenium.edge.EdgeDriverService)
14:29:42.947 INFO [ActiveSessionFactory.apply] - Capabilities are: {
  "acceptSslCerts": true,
  "browserName": "MicrosoftEdge",
  "edgeOptions": {
    "w3c": false,
    "args": [
      "--no-sandbox",
      "--headless"
    ]
  },
  "javascriptEnabled": true,
  "marionette": true,
  "name": "Validation Admin"
}
14:29:42.949 INFO [ActiveSessionFactory.lambda$apply$11] - Matched factory org.openqa.selenium.grid.session.remote.ServicedSession$Factory (provider: org.openqa.selenium.edge.EdgeDriverService)
Starting MSEdgeDriver 86.0.622.69 (19046d7b09a04b7b7bbc327482322bc48fbfffc9) on port 3079
Only local connections are allowed.
Please see https://chromedriver.chromium.org/security-considerations for suggestions on keeping MSEdgeDriver safe.
Starting MSEdgeDriver 86.0.622.69 (19046d7b09a04b7b7bbc327482322bc48fbfffc9) on port 6903
Only local connections are allowed.
Please see https://chromedriver.chromium.org/security-considerations for suggestions on keeping MSEdgeDriver safe.
Starting MSEdgeDriver 86.0.622.69 (19046d7b09a04b7b7bbc327482322bc48fbfffc9) on port 17048
Only local connections are allowed.
Please see https://chromedriver.chromium.org/security-considerations for suggestions on keeping MSEdgeDriver safe.
Starting MSEdgeDriver 86.0.622.69 (19046d7b09a04b7b7bbc327482322bc48fbfffc9) on port 25757
Only local connections are allowed.
Please see https://chromedriver.chromium.org/security-considerations for suggestions on keeping MSEdgeDriver safe.
Starting MSEdgeDriver 86.0.622.69 (19046d7b09a04b7b7bbc327482322bc48fbfffc9) on port 34662
Only local connections are allowed.
Please see https://chromedriver.chromium.org/security-considerations for suggestions on keeping MSEdgeDriver safe.
Starting MSEdgeDriver 86.0.622.69 (19046d7b09a04b7b7bbc327482322bc48fbfffc9) on port 10402
Only local connections are allowed.
Please see https://chromedriver.chromium.org/security-considerations for suggestions on keeping MSEdgeDriver safe.
MSEdgeDriver was started successfully.
MSEdgeDriver was started successfully.
MSEdgeDriver was started successfully.
MSEdgeDriver was started successfully.
MSEdgeDriver was started successfully.
MSEdgeDriver was started successfully.
14:29:43.288 INFO [ActiveSessionFactory.apply] - Capabilities are: {
  "acceptSslCerts": true,
  "browserName": "MicrosoftEdge",
  "edgeOptions": {
    "w3c": false,
    "args": [
      "--no-sandbox",
      "--headless"
    ]
  },
  "javascriptEnabled": true,
  "marionette": true,
  "name": "Validation Create New S"
}
14:29:43.288 INFO [ActiveSessionFactory.lambda$apply$11] - Matched factory org.openqa.selenium.grid.session.remote.ServicedSession$Factory (provider: org.openqa.selenium.edge.EdgeDriverService)
Starting MSEdgeDriver 86.0.622.69 (19046d7b09a04b7b7bbc327482322bc48fbfffc9) on port 44951
Only local connections are allowed.
Please see https://chromedriver.chromium.org/security-considerations for suggestions on keeping MSEdgeDriver safe.
MSEdgeDriver was started successfully.
[1606566586.073][WARNING]: This version of MSEdgeDriver has not been tested with MSEdge version 87.
[1606566586.126][WARNING]: This version of MSEdgeDriver has not been tested with MSEdge version 87.
[1606566586.149][WARNING]: This version of MSEdgeDriver has not been tested with MSEdge version 87.
[1606566586.183][WARNING]: This version of MSEdgeDriver has not been tested with MSEdge version 87.
[1606566586.215][WARNING]: This version of MSEdgeDriver has not been tested with MSEdge version 87.
[1606566586.227][WARNING]: This version of MSEdgeDriver has not been tested with MSEdge version 87.
[1606566586.283][WARNING]: This version of MSEdgeDriver has not been tested with MSEdge version 87.
14:29:47.465 INFO [ProtocolHandshake.createSession] - Detected dialect: OSS
14:29:47.517 INFO [ProtocolHandshake.createSession] - Detected dialect: OSS
14:29:47.536 INFO [ProtocolHandshake.createSession] - Detected dialect: OSS
14:29:47.695 INFO [ProtocolHandshake.createSession] - Detected dialect: OSS
14:29:47.853 INFO [ProtocolHandshake.createSession] - Detected dialect: OSS
14:29:47.880 INFO [ProtocolHandshake.createSession] - Detected dialect: OSS
14:29:47.944 INFO [ProtocolHandshake.createSession] - Detected dialect: OSS
14:29:48.155 INFO [RemoteSession$Factory.lambda$performHandshake$0] - Started new session 5944af1cb73a1a16c3a4526b446f11a3 (org.openqa.selenium.edge.EdgeDriverService)
14:29:48.156 INFO [RemoteSession$Factory.lambda$performHandshake$0] - Started new session 2873fa07f20aeb8ca4740f587b71f417 (org.openqa.selenium.edge.EdgeDriverService)
14:29:48.157 INFO [RemoteSession$Factory.lambda$performHandshake$0] - Started new session 8114730f1715709babe78b12902b5c81 (org.openqa.selenium.edge.EdgeDriverService)
14:29:48.155 INFO [RemoteSession$Factory.lambda$performHandshake$0] - Started new session f2d99a5ccdbf1ed3829517067af58e08 (org.openqa.selenium.edge.EdgeDriverService)
14:29:48.157 INFO [RemoteSession$Factory.lambda$performHandshake$0] - Started new session 585577841ce0cd785d97896692ae3378 (org.openqa.selenium.edge.EdgeDriverService)
14:29:48.162 INFO [RemoteSession$Factory.lambda$performHandshake$0] - Started new session 07133fe67d87287a2a388fb09b59875f (org.openqa.selenium.edge.EdgeDriverService)
14:29:48.155 INFO [RemoteSession$Factory.lambda$performHandshake$0] - Started new session 2598de0f9054f9fe99b89c357003a8c1 (org.openqa.selenium.edge.EdgeDriverService)
14:29:57.836 INFO [ActiveSessions$1.onStop] - Removing session 5944af1cb73a1a16c3a4526b446f11a3 (org.openqa.selenium.edge.EdgeDriverService)
14:29:58.479 INFO [ActiveSessions$1.onStop] - Removing session 07133fe67d87287a2a388fb09b59875f (org.openqa.selenium.edge.EdgeDriverService)
14:29:58.537 INFO [ActiveSessions$1.onStop] - Removing session 585577841ce0cd785d97896692ae3378 (org.openqa.selenium.edge.EdgeDriverService)
14:29:58.642 INFO [ActiveSessions$1.onStop] - Removing session 2873fa07f20aeb8ca4740f587b71f417 (org.openqa.selenium.edge.EdgeDriverService)
14:30:00.507 INFO [ActiveSessions$1.onStop] - Removing session 2598de0f9054f9fe99b89c357003a8c1 (org.openqa.selenium.edge.EdgeDriverService)
14:30:01.835 INFO [ActiveSessions$1.onStop] - Removing session 8114730f1715709babe78b12902b5c81 (org.openqa.selenium.edge.EdgeDriverService)
14:30:02.090 INFO [ActiveSessions$1.onStop] - Removing session f2d99a5ccdbf1ed3829517067af58e08 (org.openqa.selenium.edge.EdgeDriverService)
